0 info it worked if it ends with ok
1 verbose cli [
1 verbose cli   '/usr/bin/node',
1 verbose cli   '/usr/bin/npm',
1 verbose cli   'run',
1 verbose cli   'build',
1 verbose cli   '--',
1 verbose cli   'mode',
1 verbose cli   '--prod'
1 verbose cli ]
2 info using npm@6.14.17
3 info using node@v14.20.0
4 verbose run-script [ 'prebuild', 'build', 'postbuild' ]
5 info lifecycle fashion-recycle-front@0.1.0~prebuild: fashion-recycle-front@0.1.0
6 info lifecycle fashion-recycle-front@0.1.0~build: fashion-recycle-front@0.1.0
7 verbose lifecycle fashion-recycle-front@0.1.0~build: unsafe-perm in lifecycle true
8 verbose lifecycle fashion-recycle-front@0.1.0~build: PATH: /usr/lib/node_modules/npm/node_modules/npm-lifecycle/node-gyp-bin:/var/www/fs_front/FashionRecycleFront/fashion-recycle-front/node_modules/.bin:/usr/local/sbin:/usr/local/bin:/usr/sbin:/usr/bin:/sbin:/bin:/usr/games:/usr/local/games:/snap/bin
9 verbose lifecycle fashion-recycle-front@0.1.0~build: CWD: /var/www/fs_front/FashionRecycleFront/fashion-recycle-front
10 silly lifecycle fashion-recycle-front@0.1.0~build: Args: [ '-c', 'vue-cli-service build "mode" "--prod"' ]
11 silly lifecycle fashion-recycle-front@0.1.0~build: Returned: code: 1  signal: null
12 info lifecycle fashion-recycle-front@0.1.0~build: Failed to exec build script
13 verbose stack Error: fashion-recycle-front@0.1.0 build: `vue-cli-service build "mode" "--prod"`
13 verbose stack Exit status 1
13 verbose stack     at EventEmitter.<anonymous> (/usr/lib/node_modules/npm/node_modules/npm-lifecycle/index.js:332:16)
13 verbose stack     at EventEmitter.emit (events.js:400:28)
13 verbose stack     at ChildProcess.<anonymous> (/usr/lib/node_modules/npm/node_modules/npm-lifecycle/lib/spawn.js:55:14)
13 verbose stack     at ChildProcess.emit (events.js:400:28)
13 verbose stack     at maybeClose (internal/child_process.js:1088:16)
13 verbose stack     at Process.ChildProcess._handle.onexit (internal/child_process.js:296:5)
14 verbose pkgid fashion-recycle-front@0.1.0
15 verbose cwd /var/www/fs_front/FashionRecycleFront/fashion-recycle-front
16 verbose Linux 4.15.0
17 verbose argv "/usr/bin/node" "/usr/bin/npm" "run" "build" "--" "mode" "--prod"
18 verbose node v14.20.0
19 verbose npm  v6.14.17
20 error code ELIFECYCLE
21 error errno 1
22 error fashion-recycle-front@0.1.0 build: `vue-cli-service build "mode" "--prod"`
22 error Exit status 1
23 error Failed at the fashion-recycle-front@0.1.0 build script.
23 error This is probably not a problem with npm. There is likely additional logging output above.
24 verbose exit [ 1, true ]
